2024-05-26 14:01:55.285 [error] [/home/rbedit7/.vscode/extensions/ms-python.python-2024.6.0]: Extension is not compatible with Code 1.88.1. Extension requires: ^1.89.0-20240415.
2024-05-26 14:01:55.320 [error] [/home/rbedit7/.vscode/extensions/ms-python.python-2024.6.0]: Extension is not compatible with Code 1.88.1. Extension requires: ^1.89.0-20240415.
2024-05-26 14:01:55.447 [error] [/home/rbedit7/.vscode/extensions/ms-python.python-2024.6.0]: Extension is not compatible with Code 1.88.1. Extension requires: ^1.89.0-20240415.
2024-05-26 14:01:55.452 [error] [/home/rbedit7/.vscode/extensions/ms-python.python-2024.6.0]: Extension is not compatible with Code 1.88.1. Extension requires: ^1.89.0-20240415.
2024-05-26 14:01:55.459 [error] [/home/rbedit7/.vscode/extensions/ms-python.python-2024.6.0]: Extension is not compatible with Code 1.88.1. Extension requires: ^1.89.0-20240415.
2024-05-26 14:01:55.476 [error] [/home/rbedit7/.vscode/extensions/ms-python.python-2024.6.0]: Extension is not compatible with Code 1.88.1. Extension requires: ^1.89.0-20240415.
2024-05-26 14:01:55.633 [error] [/home/rbedit7/.vscode/extensions/ms-python.python-2024.6.0]: Extension is not compatible with Code 1.88.1. Extension requires: ^1.89.0-20240415.
2024-05-26 14:01:55.758 [error] [/home/rbedit7/.vscode/extensions/ms-python.python-2024.6.0]: Extension is not compatible with Code 1.88.1. Extension requires: ^1.89.0-20240415.
2024-05-26 14:01:55.857 [error] [/home/rbedit7/.vscode/extensions/ms-python.python-2024.6.0]: Extension is not compatible with Code 1.88.1. Extension requires: ^1.89.0-20240415.
2024-05-26 14:01:56.014 [error] [/home/rbedit7/.vscode/extensions/ms-python.python-2024.6.0]: Extension is not compatible with Code 1.88.1. Extension requires: ^1.89.0-20240415.
2024-05-26 14:01:56.204 [error] [/home/rbedit7/.vscode/extensions/ms-python.python-2024.6.0]: Extension is not compatible with Code 1.88.1. Extension requires: ^1.89.0-20240415.
2024-05-26 14:01:56.408 [error] [/home/rbedit7/.vscode/extensions/ms-python.python-2024.6.0]: Extension is not compatible with Code 1.88.1. Extension requires: ^1.89.0-20240415.
2024-05-26 14:01:56.660 [error] [/home/rbedit7/.vscode/extensions/ms-python.python-2024.6.0]: Extension is not compatible with Code 1.88.1. Extension requires: ^1.89.0-20240415.
2024-05-26 14:01:56.702 [error] [/home/rbedit7/.vscode/extensions/ms-python.python-2024.6.0]: Extension is not compatible with Code 1.88.1. Extension requires: ^1.89.0-20240415.
2024-05-26 14:01:56.704 [error] [/home/rbedit7/.vscode/extensions/ms-python.python-2024.6.0]: Extension is not compatible with Code 1.88.1. Extension requires: ^1.89.0-20240415.
2024-05-26 14:01:57.361 [error] [/home/rbedit7/.vscode/extensions/ms-python.python-2024.6.0]: Extension is not compatible with Code 1.88.1. Extension requires: ^1.89.0-20240415.
2024-05-26 14:01:57.435 [error] [/home/rbedit7/.vscode/extensions/ms-python.python-2024.6.0]: Extension is not compatible with Code 1.88.1. Extension requires: ^1.89.0-20240415.
2024-05-26 14:01:57.446 [error] [/home/rbedit7/.vscode/extensions/ms-python.python-2024.6.0]: Extension is not compatible with Code 1.88.1. Extension requires: ^1.89.0-20240415.
2024-05-26 14:01:58.135 [error] [/home/rbedit7/.vscode/extensions/ms-python.python-2024.6.0]: Extension is not compatible with Code 1.88.1. Extension requires: ^1.89.0-20240415.
2024-05-26 14:02:13.071 [error] [/home/rbedit7/.vscode/extensions/ms-python.python-2024.6.0]: Extension is not compatible with Code 1.88.1. Extension requires: ^1.89.0-20240415.
2024-05-26 14:02:13.097 [error] [/home/rbedit7/.vscode/extensions/ms-python.python-2024.6.0]: Extension is not compatible with Code 1.88.1. Extension requires: ^1.89.0-20240415.
2024-05-26 14:02:13.127 [error] [/home/rbedit7/.vscode/extensions/ms-python.python-2024.6.0]: Extension is not compatible with Code 1.88.1. Extension requires: ^1.89.0-20240415.
2024-05-26 14:02:25.007 [info] Getting Manifest... ms-python.python
2024-05-26 14:02:25.024 [info] Installing extension: ms-python.python
2024-05-26 14:02:25.274 [error] [/home/rbedit7/.vscode/extensions/ms-python.python-2024.6.0]: Extension is not compatible with Code 1.88.1. Extension requires: ^1.89.0-20240415.
2024-05-26 14:02:25.292 [info] Extension installed successfully: ms-python.python
2024-05-26 14:02:25.373 [error] [uncaught exception in sharedProcess]: Error: ENOENT: no such file or directory, stat '/home/rbedit7/.vscode/extensions/extensions.json.vsctmp': EntryNotFound (FileSystemError): Error: ENOENT: no such file or directory, stat '/home/rbedit7/.vscode/extensions/extensions.json.vsctmp'
    at r.create (/usr/share/code/resources/app/out/vs/code/node/sharedProcess/sharedProcessMain.js:53:30080)
    at a (/usr/share/code/resources/app/out/vs/code/node/sharedProcess/sharedProcessMain.js:53:30195)
    at i.fb (/usr/share/code/resources/app/out/vs/code/node/sharedProcess/sharedProcessMain.js:58:36500)
    at i.stat (/usr/share/code/resources/app/out/vs/code/node/sharedProcess/sharedProcessMain.js:58:28946)
    at async $.stat (/usr/share/code/resources/app/out/vs/code/node/sharedProcess/sharedProcessMain.js:58:16092)
    at async K.sb (/usr/share/code/resources/app/out/vs/code/node/sharedProcess/sharedProcessMain.js:104:108402)
2024-05-26 14:03:31.158 [error] [/home/rbedit7/.vscode/extensions/ms-python.python-2024.6.0]: Extension is not compatible with Code 1.88.1. Extension requires: ^1.89.0-20240415.
2024-05-26 14:03:31.170 [error] [/home/rbedit7/.vscode/extensions/ms-python.python-2024.6.0]: Extension is not compatible with Code 1.88.1. Extension requires: ^1.89.0-20240415.
2024-05-26 14:03:36.288 [error] [/home/rbedit7/.vscode/extensions/ms-python.python-2024.6.0]: Extension is not compatible with Code 1.88.1. Extension requires: ^1.89.0-20240415.
2024-05-26 14:03:36.357 [error] [/home/rbedit7/.vscode/extensions/ms-python.python-2024.6.0]: Extension is not compatible with Code 1.88.1. Extension requires: ^1.89.0-20240415.
2024-05-26 14:03:36.434 [error] [/home/rbedit7/.vscode/extensions/ms-python.python-2024.6.0]: Extension is not compatible with Code 1.88.1. Extension requires: ^1.89.0-20240415.
2024-05-26 14:03:36.481 [error] [/home/rbedit7/.vscode/extensions/ms-python.python-2024.6.0]: Extension is not compatible with Code 1.88.1. Extension requires: ^1.89.0-20240415.
2024-05-26 14:03:36.622 [error] [/home/rbedit7/.vscode/extensions/ms-python.python-2024.6.0]: Extension is not compatible with Code 1.88.1. Extension requires: ^1.89.0-20240415.
2024-05-26 14:03:36.823 [error] [/home/rbedit7/.vscode/extensions/ms-python.python-2024.6.0]: Extension is not compatible with Code 1.88.1. Extension requires: ^1.89.0-20240415.
2024-05-26 14:03:37.051 [error] [/home/rbedit7/.vscode/extensions/ms-python.python-2024.6.0]: Extension is not compatible with Code 1.88.1. Extension requires: ^1.89.0-20240415.
2024-05-26 14:03:37.237 [error] [/home/rbedit7/.vscode/extensions/ms-python.python-2024.6.0]: Extension is not compatible with Code 1.88.1. Extension requires: ^1.89.0-20240415.
2024-05-26 14:03:37.377 [error] [/home/rbedit7/.vscode/extensions/ms-python.python-2024.6.0]: Extension is not compatible with Code 1.88.1. Extension requires: ^1.89.0-20240415.
2024-05-26 14:03:37.488 [error] [/home/rbedit7/.vscode/extensions/ms-python.python-2024.6.0]: Extension is not compatible with Code 1.88.1. Extension requires: ^1.89.0-20240415.
2024-05-26 14:03:37.529 [error] [/home/rbedit7/.vscode/extensions/ms-python.python-2024.6.0]: Extension is not compatible with Code 1.88.1. Extension requires: ^1.89.0-20240415.
2024-05-26 14:03:37.612 [error] [/home/rbedit7/.vscode/extensions/ms-python.python-2024.6.0]: Extension is not compatible with Code 1.88.1. Extension requires: ^1.89.0-20240415.
2024-05-26 14:03:37.756 [error] [/home/rbedit7/.vscode/extensions/ms-python.python-2024.6.0]: Extension is not compatible with Code 1.88.1. Extension requires: ^1.89.0-20240415.
2024-05-26 14:03:37.760 [error] [/home/rbedit7/.vscode/extensions/ms-python.python-2024.6.0]: Extension is not compatible with Code 1.88.1. Extension requires: ^1.89.0-20240415.
2024-05-26 14:03:38.623 [error] [/home/rbedit7/.vscode/extensions/ms-python.python-2024.6.0]: Extension is not compatible with Code 1.88.1. Extension requires: ^1.89.0-20240415.
2024-05-26 14:03:38.783 [error] [/home/rbedit7/.vscode/extensions/ms-python.python-2024.6.0]: Extension is not compatible with Code 1.88.1. Extension requires: ^1.89.0-20240415.
2024-05-26 14:03:38.788 [error] [/home/rbedit7/.vscode/extensions/ms-python.python-2024.6.0]: Extension is not compatible with Code 1.88.1. Extension requires: ^1.89.0-20240415.
