2024-12-20 18:02:41.775 [error] [/home/rbedit7/.vscode/extensions/ms-python.vscode-pylance-2024.12.1]: Extension is not compatible with Code 1.89.1. Extension requires: ^1.91.0.
2024-12-20 18:02:41.777 [error] [/home/rbedit7/.vscode/extensions/ms-python.debugpy-2024.14.0-linux-x64]: Extension is not compatible with Code 1.89.1. Extension requires: ^1.92.0.
2024-12-20 18:02:41.779 [error] [/home/rbedit7/.vscode/extensions/ms-python.python-2024.22.0-linux-x64]: Extension is not compatible with Code 1.89.1. Extension requires: ^1.94.0-20240918.
2024-12-20 18:02:41.793 [error] [/home/rbedit7/.vscode/extensions/ms-python.debugpy-2024.14.0-linux-x64]: Extension is not compatible with Code 1.89.1. Extension requires: ^1.92.0.
2024-12-20 18:02:41.796 [error] [/home/rbedit7/.vscode/extensions/ms-python.python-2024.22.0-linux-x64]: Extension is not compatible with Code 1.89.1. Extension requires: ^1.94.0-20240918.
2024-12-20 18:02:41.798 [error] [/home/rbedit7/.vscode/extensions/ms-python.vscode-pylance-2024.12.1]: Extension is not compatible with Code 1.89.1. Extension requires: ^1.91.0.
2024-12-20 18:02:41.842 [error] [/home/rbedit7/.vscode/extensions/ms-python.debugpy-2024.14.0-linux-x64]: Extension is not compatible with Code 1.89.1. Extension requires: ^1.92.0.
2024-12-20 18:02:41.844 [error] [/home/rbedit7/.vscode/extensions/ms-python.python-2024.22.0-linux-x64]: Extension is not compatible with Code 1.89.1. Extension requires: ^1.94.0-20240918.
2024-12-20 18:02:41.847 [error] [/home/rbedit7/.vscode/extensions/ms-python.vscode-pylance-2024.12.1]: Extension is not compatible with Code 1.89.1. Extension requires: ^1.91.0.
2024-12-20 18:02:41.901 [error] [/home/rbedit7/.vscode/extensions/ms-python.debugpy-2024.14.0-linux-x64]: Extension is not compatible with Code 1.89.1. Extension requires: ^1.92.0.
2024-12-20 18:02:41.905 [error] [/home/rbedit7/.vscode/extensions/ms-python.vscode-pylance-2024.12.1]: Extension is not compatible with Code 1.89.1. Extension requires: ^1.91.0.
2024-12-20 18:02:41.907 [error] [/home/rbedit7/.vscode/extensions/ms-python.python-2024.22.0-linux-x64]: Extension is not compatible with Code 1.89.1. Extension requires: ^1.94.0-20240918.
2024-12-20 18:02:41.926 [error] [/home/rbedit7/.vscode/extensions/ms-python.debugpy-2024.14.0-linux-x64]: Extension is not compatible with Code 1.89.1. Extension requires: ^1.92.0.
2024-12-20 18:02:41.930 [error] [/home/rbedit7/.vscode/extensions/ms-python.python-2024.22.0-linux-x64]: Extension is not compatible with Code 1.89.1. Extension requires: ^1.94.0-20240918.
2024-12-20 18:02:41.932 [error] [/home/rbedit7/.vscode/extensions/ms-python.vscode-pylance-2024.12.1]: Extension is not compatible with Code 1.89.1. Extension requires: ^1.91.0.
2024-12-20 18:02:42.403 [error] [/home/rbedit7/.vscode/extensions/ms-python.debugpy-2024.14.0-linux-x64]: Extension is not compatible with Code 1.89.1. Extension requires: ^1.92.0.
2024-12-20 18:02:42.405 [error] [/home/rbedit7/.vscode/extensions/ms-python.python-2024.22.0-linux-x64]: Extension is not compatible with Code 1.89.1. Extension requires: ^1.94.0-20240918.
2024-12-20 18:02:42.405 [error] [/home/rbedit7/.vscode/extensions/ms-python.vscode-pylance-2024.12.1]: Extension is not compatible with Code 1.89.1. Extension requires: ^1.91.0.
2024-12-20 18:02:42.436 [error] [/home/rbedit7/.vscode/extensions/ms-python.debugpy-2024.14.0-linux-x64]: Extension is not compatible with Code 1.89.1. Extension requires: ^1.92.0.
2024-12-20 18:02:42.437 [error] [/home/rbedit7/.vscode/extensions/ms-python.python-2024.22.0-linux-x64]: Extension is not compatible with Code 1.89.1. Extension requires: ^1.94.0-20240918.
2024-12-20 18:02:42.438 [error] [/home/rbedit7/.vscode/extensions/ms-python.vscode-pylance-2024.12.1]: Extension is not compatible with Code 1.89.1. Extension requires: ^1.91.0.
2024-12-20 18:02:42.461 [error] [/home/rbedit7/.vscode/extensions/ms-python.debugpy-2024.14.0-linux-x64]: Extension is not compatible with Code 1.89.1. Extension requires: ^1.92.0.
2024-12-20 18:02:42.462 [error] [/home/rbedit7/.vscode/extensions/ms-python.python-2024.22.0-linux-x64]: Extension is not compatible with Code 1.89.1. Extension requires: ^1.94.0-20240918.
2024-12-20 18:02:42.463 [error] [/home/rbedit7/.vscode/extensions/ms-python.vscode-pylance-2024.12.1]: Extension is not compatible with Code 1.89.1. Extension requires: ^1.91.0.
2024-12-20 18:02:42.505 [error] [/home/rbedit7/.vscode/extensions/ms-python.python-2024.22.0-linux-x64]: Extension is not compatible with Code 1.89.1. Extension requires: ^1.94.0-20240918.
2024-12-20 18:02:42.506 [error] [/home/rbedit7/.vscode/extensions/ms-python.debugpy-2024.14.0-linux-x64]: Extension is not compatible with Code 1.89.1. Extension requires: ^1.92.0.
2024-12-20 18:02:42.506 [error] [/home/rbedit7/.vscode/extensions/ms-python.vscode-pylance-2024.12.1]: Extension is not compatible with Code 1.89.1. Extension requires: ^1.91.0.
2024-12-20 18:02:42.548 [error] [/home/rbedit7/.vscode/extensions/ms-python.debugpy-2024.14.0-linux-x64]: Extension is not compatible with Code 1.89.1. Extension requires: ^1.92.0.
2024-12-20 18:02:42.550 [error] [/home/rbedit7/.vscode/extensions/ms-python.python-2024.22.0-linux-x64]: Extension is not compatible with Code 1.89.1. Extension requires: ^1.94.0-20240918.
2024-12-20 18:02:42.551 [error] [/home/rbedit7/.vscode/extensions/ms-python.vscode-pylance-2024.12.1]: Extension is not compatible with Code 1.89.1. Extension requires: ^1.91.0.
2024-12-20 18:02:42.632 [error] [/home/rbedit7/.vscode/extensions/ms-python.debugpy-2024.14.0-linux-x64]: Extension is not compatible with Code 1.89.1. Extension requires: ^1.92.0.
2024-12-20 18:02:42.636 [error] [/home/rbedit7/.vscode/extensions/ms-python.vscode-pylance-2024.12.1]: Extension is not compatible with Code 1.89.1. Extension requires: ^1.91.0.
2024-12-20 18:02:42.638 [error] [/home/rbedit7/.vscode/extensions/ms-python.python-2024.22.0-linux-x64]: Extension is not compatible with Code 1.89.1. Extension requires: ^1.94.0-20240918.
2024-12-20 18:02:43.211 [error] [/home/rbedit7/.vscode/extensions/ms-python.vscode-pylance-2024.12.1]: Extension is not compatible with Code 1.89.1. Extension requires: ^1.91.0.
2024-12-20 18:02:43.211 [error] [/home/rbedit7/.vscode/extensions/ms-python.debugpy-2024.14.0-linux-x64]: Extension is not compatible with Code 1.89.1. Extension requires: ^1.92.0.
2024-12-20 18:02:43.213 [error] [/home/rbedit7/.vscode/extensions/ms-python.python-2024.22.0-linux-x64]: Extension is not compatible with Code 1.89.1. Extension requires: ^1.94.0-20240918.
2024-12-20 18:02:43.402 [info] Deleted uninstalled extension from disk ms-python.debugpy /home/rbedit7/.vscode/extensions/ms-python.debugpy-2024.6.0-linux-x64
2024-12-20 18:02:43.403 [info] Deleted uninstalled extension from disk ms-python.vscode-pylance /home/rbedit7/.vscode/extensions/ms-python.vscode-pylance-2024.5.1
2024-12-20 18:02:43.411 [info] Deleted uninstalled extension from disk ms-python.python /home/rbedit7/.vscode/extensions/ms-python.python-2024.4.1
2024-12-20 18:02:43.412 [info] Deleted uninstalled extension from disk ms-python.python /home/rbedit7/.vscode/extensions/ms-python.python-2024.6.0
2024-12-20 18:02:43.456 [error] [/home/rbedit7/.vscode/extensions/ms-python.debugpy-2024.14.0-linux-x64]: Extension is not compatible with Code 1.89.1. Extension requires: ^1.92.0.
2024-12-20 18:02:43.457 [error] [/home/rbedit7/.vscode/extensions/ms-python.python-2024.22.0-linux-x64]: Extension is not compatible with Code 1.89.1. Extension requires: ^1.94.0-20240918.
2024-12-20 18:02:43.458 [error] [/home/rbedit7/.vscode/extensions/ms-python.vscode-pylance-2024.12.1]: Extension is not compatible with Code 1.89.1. Extension requires: ^1.91.0.
2024-12-20 18:02:43.580 [error] [/home/rbedit7/.vscode/extensions/ms-python.python-2024.22.0-linux-x64]: Extension is not compatible with Code 1.89.1. Extension requires: ^1.94.0-20240918.
2024-12-20 18:02:43.580 [error] [/home/rbedit7/.vscode/extensions/ms-python.debugpy-2024.14.0-linux-x64]: Extension is not compatible with Code 1.89.1. Extension requires: ^1.92.0.
2024-12-20 18:02:43.581 [error] [/home/rbedit7/.vscode/extensions/ms-python.vscode-pylance-2024.12.1]: Extension is not compatible with Code 1.89.1. Extension requires: ^1.91.0.
2024-12-20 18:02:43.646 [error] [/home/rbedit7/.vscode/extensions/ms-python.debugpy-2024.14.0-linux-x64]: Extension is not compatible with Code 1.89.1. Extension requires: ^1.92.0.
2024-12-20 18:02:43.647 [error] [/home/rbedit7/.vscode/extensions/ms-python.python-2024.22.0-linux-x64]: Extension is not compatible with Code 1.89.1. Extension requires: ^1.94.0-20240918.
2024-12-20 18:02:43.647 [error] [/home/rbedit7/.vscode/extensions/ms-python.vscode-pylance-2024.12.1]: Extension is not compatible with Code 1.89.1. Extension requires: ^1.91.0.
2024-12-20 18:02:43.715 [error] [/home/rbedit7/.vscode/extensions/ms-python.debugpy-2024.14.0-linux-x64]: Extension is not compatible with Code 1.89.1. Extension requires: ^1.92.0.
2024-12-20 18:02:43.715 [error] [/home/rbedit7/.vscode/extensions/ms-python.python-2024.22.0-linux-x64]: Extension is not compatible with Code 1.89.1. Extension requires: ^1.94.0-20240918.
2024-12-20 18:02:43.716 [error] [/home/rbedit7/.vscode/extensions/ms-python.vscode-pylance-2024.12.1]: Extension is not compatible with Code 1.89.1. Extension requires: ^1.91.0.
2024-12-20 18:02:43.721 [error] [/home/rbedit7/.vscode/extensions/ms-python.debugpy-2024.14.0-linux-x64]: Extension is not compatible with Code 1.89.1. Extension requires: ^1.92.0.
2024-12-20 18:02:43.722 [error] [/home/rbedit7/.vscode/extensions/ms-python.python-2024.22.0-linux-x64]: Extension is not compatible with Code 1.89.1. Extension requires: ^1.94.0-20240918.
2024-12-20 18:02:43.723 [error] [/home/rbedit7/.vscode/extensions/ms-python.vscode-pylance-2024.12.1]: Extension is not compatible with Code 1.89.1. Extension requires: ^1.91.0.
2024-12-20 18:02:43.777 [error] [/home/rbedit7/.vscode/extensions/ms-python.debugpy-2024.14.0-linux-x64]: Extension is not compatible with Code 1.89.1. Extension requires: ^1.92.0.
2024-12-20 18:02:43.777 [error] [/home/rbedit7/.vscode/extensions/ms-python.python-2024.22.0-linux-x64]: Extension is not compatible with Code 1.89.1. Extension requires: ^1.94.0-20240918.
2024-12-20 18:02:43.778 [error] [/home/rbedit7/.vscode/extensions/ms-python.vscode-pylance-2024.12.1]: Extension is not compatible with Code 1.89.1. Extension requires: ^1.91.0.
2024-12-20 18:02:43.861 [error] [/home/rbedit7/.vscode/extensions/ms-python.debugpy-2024.14.0-linux-x64]: Extension is not compatible with Code 1.89.1. Extension requires: ^1.92.0.
2024-12-20 18:02:43.862 [error] [/home/rbedit7/.vscode/extensions/ms-python.python-2024.22.0-linux-x64]: Extension is not compatible with Code 1.89.1. Extension requires: ^1.94.0-20240918.
2024-12-20 18:02:43.863 [error] [/home/rbedit7/.vscode/extensions/ms-python.vscode-pylance-2024.12.1]: Extension is not compatible with Code 1.89.1. Extension requires: ^1.91.0.
2024-12-20 18:02:44.511 [error] [/home/rbedit7/.vscode/extensions/ms-python.debugpy-2024.14.0-linux-x64]: Extension is not compatible with Code 1.89.1. Extension requires: ^1.92.0.
2024-12-20 18:02:44.513 [error] [/home/rbedit7/.vscode/extensions/ms-python.python-2024.22.0-linux-x64]: Extension is not compatible with Code 1.89.1. Extension requires: ^1.94.0-20240918.
2024-12-20 18:02:44.514 [error] [/home/rbedit7/.vscode/extensions/ms-python.vscode-pylance-2024.12.1]: Extension is not compatible with Code 1.89.1. Extension requires: ^1.91.0.
2024-12-20 18:03:11.730 [info] Getting Manifest... ms-python.debugpy
2024-12-20 18:03:11.733 [info] Getting Manifest... ms-python.python
2024-12-20 18:03:11.734 [info] Getting Manifest... ms-python.vscode-pylance
2024-12-20 18:03:11.754 [info] Installing extension: ms-python.debugpy
2024-12-20 18:03:11.756 [info] Installing extension: ms-python.vscode-pylance
2024-12-20 18:03:11.759 [info] Installing extension: ms-python.python
2024-12-20 18:03:12.127 [error] [/home/rbedit7/.vscode/extensions/ms-python.python-2024.22.0-linux-x64]: Extension is not compatible with Code 1.89.1. Extension requires: ^1.94.0-20240918.
2024-12-20 18:03:12.144 [info] Extension installed successfully: ms-python.python
2024-12-20 18:03:12.220 [error] [uncaught exception in sharedProcess]: Error: ENOENT: no such file or directory, stat '/home/rbedit7/.vscode/extensions/extensions.json.vsctmp': EntryNotFound (FileSystemError): Error: ENOENT: no such file or directory, stat '/home/rbedit7/.vscode/extensions/extensions.json.vsctmp'
    at a.create (/usr/share/code/resources/app/out/vs/code/node/sharedProcess/sharedProcessMain.js:53:30019)
    at b (/usr/share/code/resources/app/out/vs/code/node/sharedProcess/sharedProcessMain.js:53:30130)
    at t.hb (/usr/share/code/resources/app/out/vs/code/node/sharedProcess/sharedProcessMain.js:58:36600)
    at t.stat (/usr/share/code/resources/app/out/vs/code/node/sharedProcess/sharedProcessMain.js:58:29040)
    at async $.stat (/usr/share/code/resources/app/out/vs/code/node/sharedProcess/sharedProcessMain.js:58:16186)
    at async J.sb (/usr/share/code/resources/app/out/vs/code/node/sharedProcess/sharedProcessMain.js:104:109501)
2024-12-20 18:03:12.506 [info] Getting Manifest... ms-python.python
2024-12-20 18:03:12.662 [error] [/home/rbedit7/.vscode/extensions/ms-python.debugpy-2024.14.0-linux-x64]: Extension is not compatible with Code 1.89.1. Extension requires: ^1.92.0.
2024-12-20 18:03:12.706 [info] Getting Manifest... ms-python.python
2024-12-20 18:03:12.731 [info] Extension installed successfully: ms-python.debugpy
2024-12-20 18:03:12.811 [error] [uncaught exception in sharedProcess]: Error: ENOENT: no such file or directory, stat '/home/rbedit7/.vscode/extensions/extensions.json.vsctmp': EntryNotFound (FileSystemError): Error: ENOENT: no such file or directory, stat '/home/rbedit7/.vscode/extensions/extensions.json.vsctmp'
    at a.create (/usr/share/code/resources/app/out/vs/code/node/sharedProcess/sharedProcessMain.js:53:30019)
    at b (/usr/share/code/resources/app/out/vs/code/node/sharedProcess/sharedProcessMain.js:53:30130)
    at t.hb (/usr/share/code/resources/app/out/vs/code/node/sharedProcess/sharedProcessMain.js:58:36600)
    at t.stat (/usr/share/code/resources/app/out/vs/code/node/sharedProcess/sharedProcessMain.js:58:29040)
    at async $.stat (/usr/share/code/resources/app/out/vs/code/node/sharedProcess/sharedProcessMain.js:58:16186)
    at async J.sb (/usr/share/code/resources/app/out/vs/code/node/sharedProcess/sharedProcessMain.js:104:109501)
2024-12-20 18:03:12.839 [error] [/home/rbedit7/.vscode/extensions/ms-python.vscode-pylance-2024.12.1]: Extension is not compatible with Code 1.89.1. Extension requires: ^1.91.0.
2024-12-20 18:03:12.852 [info] Extension installed successfully: ms-python.vscode-pylance
