2024-05-26 14:00:12.647 [info] Experiment 'pythonRecommendTensorboardExt' is active
2024-05-26 14:00:12.647 [info] Experiment 'pythonTerminalEnvVarActivation' is active
2024-05-26 14:00:12.647 [info] Experiment 'pythonTestAdapter' is active
2024-05-26 14:00:12.689 [info] Default formatter is set to null for workspace /home/rbedit7/python
2024-05-26 14:00:12.713 [info] Test server listening.
2024-05-26 14:00:12.734 [info] > ./.venv/bin/python -I ~/.vscode/extensions/ms-python.python-2024.4.1/python_files/get_output_via_markers.py ~/.vscode/extensions/ms-python.python-2024.4.1/python_files/interpreterInfo.py
2024-05-26 14:00:12.812 [info] Python interpreter path: ./.venv/bin/python
2024-05-26 14:00:13.048 [info] > pyenv which python
2024-05-26 14:00:13.048 [info] cwd: .
2024-05-26 14:00:13.154 [info] > . ./.venv/bin/activate && echo 'e8b39361-0157-4923-80e1-22d70d46dee6' && python ~/.vscode/extensions/ms-python.python-2024.4.1/python_files/printEnvVariables.py
2024-05-26 14:00:13.154 [info] shell: zsh
2024-05-26 14:00:13.224 [info] > /bin/python ~/.vscode/extensions/ms-python.python-2024.4.1/python_files/printEnvVariables.py
2024-05-26 14:00:13.224 [info] shell: zsh
2024-05-26 14:00:13.281 [info] Prepending environment variable PATH in collection with /home/rbedit7/.vscode/extensions/ms-python.python-2024.4.1/python_files/deactivate/zsh:/home/rbedit7/python/.venv/bin: {"applyAtShellIntegration":true,"applyAtProcessCreation":true}
2024-05-26 14:00:13.281 [info] Setting environment variable VIRTUAL_ENV in collection to /home/rbedit7/python/.venv {"applyAtShellIntegration":true,"applyAtProcessCreation":true}
2024-05-26 14:00:13.281 [info] Prepending environment variable PS1 in collection with (.venv)  {"applyAtShellIntegration":true,"applyAtProcessCreation":false}
2024-05-26 14:00:13.282 [info] Setting environment variable VIRTUAL_ENV_PROMPT in collection to (.venv)  {"applyAtShellIntegration":true,"applyAtProcessCreation":true}
2024-05-26 14:00:13.283 [info] Send text to terminal: /bin/python /home/rbedit7/.vscode/extensions/ms-python.python-2024.4.1/python_files/printEnvVariablesToFile.py /home/rbedit7/.vscode/extensions/ms-python.python-2024.4.1/python_files/deactivate/zsh/envVars.txt
2024-05-26 14:00:14.322 [info] Starting Pylance language server.
2024-05-26 14:00:57.913 [info] Discover tests for workspace name: undefined - uri: /home/rbedit7/.config/Code/User/settings.json
2024-05-26 14:01:13.548 [info] Discover tests for workspace name: undefined - uri: /home/rbedit7/.config/Code/User/settings.json
2024-05-26 14:01:22.531 [info] Discover tests for workspace name: undefined - uri: /home/rbedit7/.config/Code/User/settings.json
