2024-05-26 14:01:54.950 [info] Started local extension host with pid 4535.
2024-05-26 14:01:55.229 [error] [/home/rbedit7/.vscode/extensions/ms-python.python-2024.6.0]: Extension is not compatible with Code 1.88.1. Extension requires: ^1.89.0-20240415.
2024-05-26 14:01:55.399 [error] Extension 'ms-python.debugpy' appears in product.json but enables LESS API proposals than the extension wants.
package.json (LOSES): portsAttributes, contribIssueReporter, debugVisualization
product.json (WINS): portsAttributes, contribIssueReporter
2024-05-26 14:01:57.639 [info] [perf] Render performance baseline is 29ms
2024-05-26 14:03:30.354 [error] [/home/rbedit7/.vscode/extensions/ms-python.python-2024.6.0]: Extension is not compatible with Code 1.88.1. Extension requires: ^1.89.0-20240415.
2024-05-26 14:03:30.546 [info] Started local extension host with pid 5683.
2024-05-26 14:03:36.022 [info] Started local extension host with pid 5725.
2024-05-26 14:03:36.231 [error] [/home/rbedit7/.vscode/extensions/ms-python.python-2024.6.0]: Extension is not compatible with Code 1.88.1. Extension requires: ^1.89.0-20240415.
2024-05-26 14:03:36.353 [error] Extension 'ms-python.debugpy' appears in product.json but enables LESS API proposals than the extension wants.
package.json (LOSES): portsAttributes, contribIssueReporter, debugVisualization
product.json (WINS): portsAttributes, contribIssueReporter
2024-05-26 14:03:39.512 [info] [perf] Render performance baseline is 50ms
2024-05-26 14:05:24.736 [error] Unable to load file:///home/rbedit7/.vscode/extensions/lakshits11.best-themes-redefined-0.4.6/themes/Best%20Themes%20-%20Github%20Dark.json: Unable to read file '/home/rbedit7/.vscode/extensions/lakshits11.best-themes-redefined-0.4.6/themes/Best Themes - Github Dark.json' (Error: Unable to resolve nonexistent file '/home/rbedit7/.vscode/extensions/lakshits11.best-themes-redefined-0.4.6/themes/Best Themes - Github Dark.json'): Error: Unable to load file:///home/rbedit7/.vscode/extensions/lakshits11.best-themes-redefined-0.4.6/themes/Best%20Themes%20-%20Github%20Dark.json: Unable to read file '/home/rbedit7/.vscode/extensions/lakshits11.best-themes-redefined-0.4.6/themes/Best Themes - Github Dark.json' (Error: Unable to resolve nonexistent file '/home/rbedit7/.vscode/extensions/lakshits11.best-themes-redefined-0.4.6/themes/Best Themes - Github Dark.json')
    at le.bb (vscode-file://vscode-app/usr/share/code/resources/app/out/vs/workbench/workbench.desktop.main.js:2024:40968)
2024-05-26 14:05:25.112 [error] Unable to load file:///home/rbedit7/.vscode/extensions/lakshits11.best-themes-redefined-0.4.6/themes/Best%20Themes%20-%20Github%20Dark%20Colorblind.json: Unable to read file '/home/rbedit7/.vscode/extensions/lakshits11.best-themes-redefined-0.4.6/themes/Best Themes - Github Dark Colorblind.json' (Error: Unable to resolve nonexistent file '/home/rbedit7/.vscode/extensions/lakshits11.best-themes-redefined-0.4.6/themes/Best Themes - Github Dark Colorblind.json'): Error: Unable to load file:///home/rbedit7/.vscode/extensions/lakshits11.best-themes-redefined-0.4.6/themes/Best%20Themes%20-%20Github%20Dark%20Colorblind.json: Unable to read file '/home/rbedit7/.vscode/extensions/lakshits11.best-themes-redefined-0.4.6/themes/Best Themes - Github Dark Colorblind.json' (Error: Unable to resolve nonexistent file '/home/rbedit7/.vscode/extensions/lakshits11.best-themes-redefined-0.4.6/themes/Best Themes - Github Dark Colorblind.json')
    at le.bb (vscode-file://vscode-app/usr/share/code/resources/app/out/vs/workbench/workbench.desktop.main.js:2024:40968)
2024-05-26 14:05:30.797 [error] Unable to load file:///home/rbedit7/.vscode/extensions/lakshits11.best-themes-redefined-0.4.6/themes/Best%20Themes%20-%20Github%20Dark%20Dimmed.json: Unable to read file '/home/rbedit7/.vscode/extensions/lakshits11.best-themes-redefined-0.4.6/themes/Best Themes - Github Dark Dimmed.json' (Error: Unable to resolve nonexistent file '/home/rbedit7/.vscode/extensions/lakshits11.best-themes-redefined-0.4.6/themes/Best Themes - Github Dark Dimmed.json'): Error: Unable to load file:///home/rbedit7/.vscode/extensions/lakshits11.best-themes-redefined-0.4.6/themes/Best%20Themes%20-%20Github%20Dark%20Dimmed.json: Unable to read file '/home/rbedit7/.vscode/extensions/lakshits11.best-themes-redefined-0.4.6/themes/Best Themes - Github Dark Dimmed.json' (Error: Unable to resolve nonexistent file '/home/rbedit7/.vscode/extensions/lakshits11.best-themes-redefined-0.4.6/themes/Best Themes - Github Dark Dimmed.json')
    at le.bb (vscode-file://vscode-app/usr/share/code/resources/app/out/vs/workbench/workbench.desktop.main.js:2024:40968)
2024-05-26 14:05:32.516 [error] Unable to load file:///home/rbedit7/.vscode/extensions/lakshits11.best-themes-redefined-0.4.6/themes/Best%20Themes%20-%20Github%20Dark%20High%20Contrast.json: Unable to read file '/home/rbedit7/.vscode/extensions/lakshits11.best-themes-redefined-0.4.6/themes/Best Themes - Github Dark High Contrast.json' (Error: Unable to resolve nonexistent file '/home/rbedit7/.vscode/extensions/lakshits11.best-themes-redefined-0.4.6/themes/Best Themes - Github Dark High Contrast.json'): Error: Unable to load file:///home/rbedit7/.vscode/extensions/lakshits11.best-themes-redefined-0.4.6/themes/Best%20Themes%20-%20Github%20Dark%20High%20Contrast.json: Unable to read file '/home/rbedit7/.vscode/extensions/lakshits11.best-themes-redefined-0.4.6/themes/Best Themes - Github Dark High Contrast.json' (Error: Unable to resolve nonexistent file '/home/rbedit7/.vscode/extensions/lakshits11.best-themes-redefined-0.4.6/themes/Best Themes - Github Dark High Contrast.json')
    at le.bb (vscode-file://vscode-app/usr/share/code/resources/app/out/vs/workbench/workbench.desktop.main.js:2024:40968)
2024-05-26 14:05:39.880 [error] Unable to load file:///home/rbedit7/.vscode/extensions/lakshits11.best-themes-redefined-0.4.6/themes/Best%20Themes%20-%20Github%20Dark%20High%20Contrast.json: Unable to read file '/home/rbedit7/.vscode/extensions/lakshits11.best-themes-redefined-0.4.6/themes/Best Themes - Github Dark High Contrast.json' (Error: Unable to resolve nonexistent file '/home/rbedit7/.vscode/extensions/lakshits11.best-themes-redefined-0.4.6/themes/Best Themes - Github Dark High Contrast.json'): Error: Unable to load file:///home/rbedit7/.vscode/extensions/lakshits11.best-themes-redefined-0.4.6/themes/Best%20Themes%20-%20Github%20Dark%20High%20Contrast.json: Unable to read file '/home/rbedit7/.vscode/extensions/lakshits11.best-themes-redefined-0.4.6/themes/Best Themes - Github Dark High Contrast.json' (Error: Unable to resolve nonexistent file '/home/rbedit7/.vscode/extensions/lakshits11.best-themes-redefined-0.4.6/themes/Best Themes - Github Dark High Contrast.json')
    at le.bb (vscode-file://vscode-app/usr/share/code/resources/app/out/vs/workbench/workbench.desktop.main.js:2024:40968)
2024-05-26 14:05:41.207 [error] Unable to load file:///home/rbedit7/.vscode/extensions/lakshits11.best-themes-redefined-0.4.6/themes/Best%20Themes%20-%20Github%20Dark%20Dimmed.json: Unable to read file '/home/rbedit7/.vscode/extensions/lakshits11.best-themes-redefined-0.4.6/themes/Best Themes - Github Dark Dimmed.json' (Error: Unable to resolve nonexistent file '/home/rbedit7/.vscode/extensions/lakshits11.best-themes-redefined-0.4.6/themes/Best Themes - Github Dark Dimmed.json'): Error: Unable to load file:///home/rbedit7/.vscode/extensions/lakshits11.best-themes-redefined-0.4.6/themes/Best%20Themes%20-%20Github%20Dark%20Dimmed.json: Unable to read file '/home/rbedit7/.vscode/extensions/lakshits11.best-themes-redefined-0.4.6/themes/Best Themes - Github Dark Dimmed.json' (Error: Unable to resolve nonexistent file '/home/rbedit7/.vscode/extensions/lakshits11.best-themes-redefined-0.4.6/themes/Best Themes - Github Dark Dimmed.json')
    at le.bb (vscode-file://vscode-app/usr/share/code/resources/app/out/vs/workbench/workbench.desktop.main.js:2024:40968)
2024-05-26 14:05:42.137 [error] Unable to load file:///home/rbedit7/.vscode/extensions/lakshits11.best-themes-redefined-0.4.6/themes/Best%20Themes%20-%20Github%20Dark%20High%20Contrast.json: Unable to read file '/home/rbedit7/.vscode/extensions/lakshits11.best-themes-redefined-0.4.6/themes/Best Themes - Github Dark High Contrast.json' (Error: Unable to resolve nonexistent file '/home/rbedit7/.vscode/extensions/lakshits11.best-themes-redefined-0.4.6/themes/Best Themes - Github Dark High Contrast.json'): Error: Unable to load file:///home/rbedit7/.vscode/extensions/lakshits11.best-themes-redefined-0.4.6/themes/Best%20Themes%20-%20Github%20Dark%20High%20Contrast.json: Unable to read file '/home/rbedit7/.vscode/extensions/lakshits11.best-themes-redefined-0.4.6/themes/Best Themes - Github Dark High Contrast.json' (Error: Unable to resolve nonexistent file '/home/rbedit7/.vscode/extensions/lakshits11.best-themes-redefined-0.4.6/themes/Best Themes - Github Dark High Contrast.json')
    at le.bb (vscode-file://vscode-app/usr/share/code/resources/app/out/vs/workbench/workbench.desktop.main.js:2024:40968)
2024-05-26 14:06:55.491 [error] Cannot read properties of undefined (reading 'accessToken'): TypeError: Cannot read properties of undefined (reading 'accessToken')
    at b.h (vscode-file://vscode-app/usr/share/code/resources/app/out/vs/workbench/workbench.desktop.main.js:1693:21270)
    at b.j (vscode-file://vscode-app/usr/share/code/resources/app/out/vs/workbench/workbench.desktop.main.js:1693:22006)
    at u.value (vscode-file://vscode-app/usr/share/code/resources/app/out/vs/workbench/workbench.desktop.main.js:1693:21027)
