2024-05-26 14:01:54.570 [info] Added views:workbench.panel.markers.view in workbench.panel.markers
2024-05-26 14:01:54.570 [info] Added views:workbench.panel.output in workbench.panel.output
2024-05-26 14:01:54.570 [info] Added views:terminal in terminal
2024-05-26 14:01:54.570 [info] Added views:outline in workbench.view.explorer
2024-05-26 14:01:54.570 [info] Added views:workbench.scm in workbench.view.scm
2024-05-26 14:01:54.570 [info] Added views:workbench.view.search in workbench.view.search
2024-05-26 14:01:54.570 [info] Added views:timeline in workbench.view.explorer
2024-05-26 14:01:54.570 [info] Added views:workbench.explorer.fileView in workbench.view.explorer
2024-05-26 14:01:54.911 [info] Added views:workbench.debug.welcome in workbench.view.debug
2024-05-26 14:01:55.769 [info] Added views:workbench.panel.repl.view in workbench.panel.repl
2024-05-26 14:01:56.105 [info] Added views:workbench.view.testing in workbench.view.extension.test
2024-05-26 14:01:57.054 [info] Added views:~remote.forwardedPorts in ~remote.forwardedPortsContainer
2024-05-26 14:02:12.756 [info] Added views:workbench.views.extensions.installed,workbench.views.extensions.popular,extensions.recommendedList in workbench.view.extensions
2024-05-26 14:02:12.758 [info] Removed views:workbench.views.extensions.popular from workbench.view.extensions
2024-05-26 14:03:30.306 [info] Removed views:workbench.view.testing from workbench.view.extension.test
2024-05-26 14:03:30.851 [info] Removed views:workbench.panel.repl.view from workbench.panel.repl
2024-05-26 14:03:30.902 [info] Added views:workbench.panel.repl.view in workbench.panel.repl
2024-05-26 14:03:35.814 [info] Added views:workbench.panel.markers.view in workbench.panel.markers
2024-05-26 14:03:35.815 [info] Added views:workbench.panel.output in workbench.panel.output
2024-05-26 14:03:35.815 [info] Added views:terminal in terminal
2024-05-26 14:03:35.815 [info] Added views:outline in workbench.view.explorer
2024-05-26 14:03:35.815 [info] Added views:workbench.scm in workbench.view.scm
2024-05-26 14:03:35.815 [info] Added views:workbench.view.search in workbench.view.search
2024-05-26 14:03:35.815 [info] Added views:timeline in workbench.view.explorer
2024-05-26 14:03:35.815 [info] Added views:workbench.explorer.fileView in workbench.view.explorer
2024-05-26 14:03:36.010 [info] Added views:workbench.debug.welcome in workbench.view.debug
2024-05-26 14:03:36.708 [info] Added views:workbench.panel.repl.view in workbench.panel.repl
2024-05-26 14:03:37.009 [info] Added views:workbench.view.testing in workbench.view.extension.test
2024-05-26 14:03:37.490 [info] Added views:~remote.forwardedPorts in ~remote.forwardedPortsContainer
2024-05-26 14:03:37.558 [info] Added views:workbench.views.extensions.installed,extensions.recommendedList in workbench.view.extensions
2024-05-26 14:07:05.483 [info] Removed views:workbench.view.testing from workbench.view.extension.test
