2024-12-27 10:16:52.091 [error] [/home/rbedit7/.vscode/extensions/ms-python.debugpy-2024.14.0-linux-x64]: Extension is not compatible with Code 1.89.1. Extension requires: ^1.92.0.
2024-12-27 10:16:52.093 [error] [/home/rbedit7/.vscode/extensions/ms-python.python-2024.22.0-linux-x64]: Extension is not compatible with Code 1.89.1. Extension requires: ^1.94.0-20240918.
2024-12-27 10:16:52.095 [error] [/home/rbedit7/.vscode/extensions/ms-python.vscode-pylance-2024.12.1]: Extension is not compatible with Code 1.89.1. Extension requires: ^1.91.0.
2024-12-27 10:16:52.125 [error] [/home/rbedit7/.vscode/extensions/ms-python.python-2024.22.0-linux-x64]: Extension is not compatible with Code 1.89.1. Extension requires: ^1.94.0-20240918.
2024-12-27 10:16:52.126 [error] [/home/rbedit7/.vscode/extensions/ms-python.debugpy-2024.14.0-linux-x64]: Extension is not compatible with Code 1.89.1. Extension requires: ^1.92.0.
2024-12-27 10:16:52.127 [error] [/home/rbedit7/.vscode/extensions/ms-python.vscode-pylance-2024.12.1]: Extension is not compatible with Code 1.89.1. Extension requires: ^1.91.0.
2024-12-27 10:16:52.269 [error] [/home/rbedit7/.vscode/extensions/ms-python.debugpy-2024.14.0-linux-x64]: Extension is not compatible with Code 1.89.1. Extension requires: ^1.92.0.
2024-12-27 10:16:52.271 [error] [/home/rbedit7/.vscode/extensions/ms-python.vscode-pylance-2024.12.1]: Extension is not compatible with Code 1.89.1. Extension requires: ^1.91.0.
2024-12-27 10:16:52.274 [error] [/home/rbedit7/.vscode/extensions/ms-python.python-2024.22.0-linux-x64]: Extension is not compatible with Code 1.89.1. Extension requires: ^1.94.0-20240918.
2024-12-27 10:16:52.320 [error] [/home/rbedit7/.vscode/extensions/ms-python.debugpy-2024.14.0-linux-x64]: Extension is not compatible with Code 1.89.1. Extension requires: ^1.92.0.
2024-12-27 10:16:52.322 [error] [/home/rbedit7/.vscode/extensions/ms-python.python-2024.22.0-linux-x64]: Extension is not compatible with Code 1.89.1. Extension requires: ^1.94.0-20240918.
2024-12-27 10:16:52.323 [error] [/home/rbedit7/.vscode/extensions/ms-python.vscode-pylance-2024.12.1]: Extension is not compatible with Code 1.89.1. Extension requires: ^1.91.0.
2024-12-27 10:16:52.328 [error] [/home/rbedit7/.vscode/extensions/ms-python.debugpy-2024.14.0-linux-x64]: Extension is not compatible with Code 1.89.1. Extension requires: ^1.92.0.
2024-12-27 10:16:52.329 [error] [/home/rbedit7/.vscode/extensions/ms-python.python-2024.22.0-linux-x64]: Extension is not compatible with Code 1.89.1. Extension requires: ^1.94.0-20240918.
2024-12-27 10:16:52.330 [error] [/home/rbedit7/.vscode/extensions/ms-python.vscode-pylance-2024.12.1]: Extension is not compatible with Code 1.89.1. Extension requires: ^1.91.0.
2024-12-27 10:16:52.340 [error] [/home/rbedit7/.vscode/extensions/ms-python.debugpy-2024.14.0-linux-x64]: Extension is not compatible with Code 1.89.1. Extension requires: ^1.92.0.
2024-12-27 10:16:52.341 [error] [/home/rbedit7/.vscode/extensions/ms-python.vscode-pylance-2024.12.1]: Extension is not compatible with Code 1.89.1. Extension requires: ^1.91.0.
2024-12-27 10:16:52.344 [error] [/home/rbedit7/.vscode/extensions/ms-python.python-2024.22.0-linux-x64]: Extension is not compatible with Code 1.89.1. Extension requires: ^1.94.0-20240918.
2024-12-27 10:16:52.362 [error] [/home/rbedit7/.vscode/extensions/ms-python.debugpy-2024.14.0-linux-x64]: Extension is not compatible with Code 1.89.1. Extension requires: ^1.92.0.
2024-12-27 10:16:52.362 [error] [/home/rbedit7/.vscode/extensions/ms-python.python-2024.22.0-linux-x64]: Extension is not compatible with Code 1.89.1. Extension requires: ^1.94.0-20240918.
2024-12-27 10:16:52.363 [error] [/home/rbedit7/.vscode/extensions/ms-python.vscode-pylance-2024.12.1]: Extension is not compatible with Code 1.89.1. Extension requires: ^1.91.0.
2024-12-27 10:16:52.460 [error] [/home/rbedit7/.vscode/extensions/ms-python.debugpy-2024.14.0-linux-x64]: Extension is not compatible with Code 1.89.1. Extension requires: ^1.92.0.
2024-12-27 10:16:52.461 [error] [/home/rbedit7/.vscode/extensions/ms-python.python-2024.22.0-linux-x64]: Extension is not compatible with Code 1.89.1. Extension requires: ^1.94.0-20240918.
2024-12-27 10:16:52.463 [error] [/home/rbedit7/.vscode/extensions/ms-python.vscode-pylance-2024.12.1]: Extension is not compatible with Code 1.89.1. Extension requires: ^1.91.0.
2024-12-27 10:16:52.583 [error] [/home/rbedit7/.vscode/extensions/ms-python.debugpy-2024.14.0-linux-x64]: Extension is not compatible with Code 1.89.1. Extension requires: ^1.92.0.
2024-12-27 10:16:52.585 [error] [/home/rbedit7/.vscode/extensions/ms-python.python-2024.22.0-linux-x64]: Extension is not compatible with Code 1.89.1. Extension requires: ^1.94.0-20240918.
2024-12-27 10:16:52.587 [error] [/home/rbedit7/.vscode/extensions/ms-python.vscode-pylance-2024.12.1]: Extension is not compatible with Code 1.89.1. Extension requires: ^1.91.0.
2024-12-27 10:16:52.903 [error] [/home/rbedit7/.vscode/extensions/ms-python.debugpy-2024.14.0-linux-x64]: Extension is not compatible with Code 1.89.1. Extension requires: ^1.92.0.
2024-12-27 10:16:52.905 [error] [/home/rbedit7/.vscode/extensions/ms-python.python-2024.22.0-linux-x64]: Extension is not compatible with Code 1.89.1. Extension requires: ^1.94.0-20240918.
2024-12-27 10:16:52.907 [error] [/home/rbedit7/.vscode/extensions/ms-python.vscode-pylance-2024.12.1]: Extension is not compatible with Code 1.89.1. Extension requires: ^1.91.0.
2024-12-27 10:16:52.952 [error] [/home/rbedit7/.vscode/extensions/ms-python.debugpy-2024.14.0-linux-x64]: Extension is not compatible with Code 1.89.1. Extension requires: ^1.92.0.
2024-12-27 10:16:52.954 [error] [/home/rbedit7/.vscode/extensions/ms-python.python-2024.22.0-linux-x64]: Extension is not compatible with Code 1.89.1. Extension requires: ^1.94.0-20240918.
2024-12-27 10:16:52.955 [error] [/home/rbedit7/.vscode/extensions/ms-python.vscode-pylance-2024.12.1]: Extension is not compatible with Code 1.89.1. Extension requires: ^1.91.0.
2024-12-27 10:16:53.020 [error] [/home/rbedit7/.vscode/extensions/ms-python.debugpy-2024.14.0-linux-x64]: Extension is not compatible with Code 1.89.1. Extension requires: ^1.92.0.
2024-12-27 10:16:53.022 [error] [/home/rbedit7/.vscode/extensions/ms-python.python-2024.22.0-linux-x64]: Extension is not compatible with Code 1.89.1. Extension requires: ^1.94.0-20240918.
2024-12-27 10:16:53.023 [error] [/home/rbedit7/.vscode/extensions/ms-python.vscode-pylance-2024.12.1]: Extension is not compatible with Code 1.89.1. Extension requires: ^1.91.0.
2024-12-27 10:16:53.125 [error] [/home/rbedit7/.vscode/extensions/ms-python.debugpy-2024.14.0-linux-x64]: Extension is not compatible with Code 1.89.1. Extension requires: ^1.92.0.
2024-12-27 10:16:53.126 [error] [/home/rbedit7/.vscode/extensions/ms-python.python-2024.22.0-linux-x64]: Extension is not compatible with Code 1.89.1. Extension requires: ^1.94.0-20240918.
2024-12-27 10:16:53.126 [error] [/home/rbedit7/.vscode/extensions/ms-python.vscode-pylance-2024.12.1]: Extension is not compatible with Code 1.89.1. Extension requires: ^1.91.0.
2024-12-27 10:16:53.203 [error] [/home/rbedit7/.vscode/extensions/ms-python.debugpy-2024.14.0-linux-x64]: Extension is not compatible with Code 1.89.1. Extension requires: ^1.92.0.
2024-12-27 10:16:53.205 [error] [/home/rbedit7/.vscode/extensions/ms-python.python-2024.22.0-linux-x64]: Extension is not compatible with Code 1.89.1. Extension requires: ^1.94.0-20240918.
2024-12-27 10:16:53.206 [error] [/home/rbedit7/.vscode/extensions/ms-python.vscode-pylance-2024.12.1]: Extension is not compatible with Code 1.89.1. Extension requires: ^1.91.0.
2024-12-27 10:16:53.293 [error] [/home/rbedit7/.vscode/extensions/ms-python.debugpy-2024.14.0-linux-x64]: Extension is not compatible with Code 1.89.1. Extension requires: ^1.92.0.
2024-12-27 10:16:53.295 [error] [/home/rbedit7/.vscode/extensions/ms-python.python-2024.22.0-linux-x64]: Extension is not compatible with Code 1.89.1. Extension requires: ^1.94.0-20240918.
2024-12-27 10:16:53.296 [error] [/home/rbedit7/.vscode/extensions/ms-python.vscode-pylance-2024.12.1]: Extension is not compatible with Code 1.89.1. Extension requires: ^1.91.0.
2024-12-27 10:16:53.964 [error] [/home/rbedit7/.vscode/extensions/ms-python.debugpy-2024.14.0-linux-x64]: Extension is not compatible with Code 1.89.1. Extension requires: ^1.92.0.
2024-12-27 10:16:53.966 [error] [/home/rbedit7/.vscode/extensions/ms-python.python-2024.22.0-linux-x64]: Extension is not compatible with Code 1.89.1. Extension requires: ^1.94.0-20240918.
2024-12-27 10:16:53.966 [error] [/home/rbedit7/.vscode/extensions/ms-python.vscode-pylance-2024.12.1]: Extension is not compatible with Code 1.89.1. Extension requires: ^1.91.0.
2024-12-27 10:16:54.054 [error] [/home/rbedit7/.vscode/extensions/ms-python.debugpy-2024.14.0-linux-x64]: Extension is not compatible with Code 1.89.1. Extension requires: ^1.92.0.
2024-12-27 10:16:54.055 [error] [/home/rbedit7/.vscode/extensions/ms-python.python-2024.22.0-linux-x64]: Extension is not compatible with Code 1.89.1. Extension requires: ^1.94.0-20240918.
2024-12-27 10:16:54.056 [error] [/home/rbedit7/.vscode/extensions/ms-python.vscode-pylance-2024.12.1]: Extension is not compatible with Code 1.89.1. Extension requires: ^1.91.0.
2024-12-27 10:16:54.060 [error] [/home/rbedit7/.vscode/extensions/ms-python.debugpy-2024.14.0-linux-x64]: Extension is not compatible with Code 1.89.1. Extension requires: ^1.92.0.
2024-12-27 10:16:54.061 [error] [/home/rbedit7/.vscode/extensions/ms-python.python-2024.22.0-linux-x64]: Extension is not compatible with Code 1.89.1. Extension requires: ^1.94.0-20240918.
2024-12-27 10:16:54.061 [error] [/home/rbedit7/.vscode/extensions/ms-python.vscode-pylance-2024.12.1]: Extension is not compatible with Code 1.89.1. Extension requires: ^1.91.0.
2024-12-27 10:16:54.834 [error] [/home/rbedit7/.vscode/extensions/ms-python.python-2024.22.0-linux-x64]: Extension is not compatible with Code 1.89.1. Extension requires: ^1.94.0-20240918.
2024-12-27 10:16:54.834 [error] [/home/rbedit7/.vscode/extensions/ms-python.debugpy-2024.14.0-linux-x64]: Extension is not compatible with Code 1.89.1. Extension requires: ^1.92.0.
2024-12-27 10:16:54.835 [error] [/home/rbedit7/.vscode/extensions/ms-python.vscode-pylance-2024.12.1]: Extension is not compatible with Code 1.89.1. Extension requires: ^1.91.0.
2024-12-27 10:17:21.991 [info] Getting Manifest... ms-python.debugpy
2024-12-27 10:17:21.995 [info] Getting Manifest... ms-python.python
2024-12-27 10:17:21.997 [info] Getting Manifest... ms-python.vscode-pylance
2024-12-27 10:17:22.014 [info] Installing extension: ms-python.debugpy
2024-12-27 10:17:22.017 [info] Installing extension: ms-python.vscode-pylance
2024-12-27 10:17:22.112 [info] Installing extension: ms-python.python
2024-12-27 10:17:22.684 [info] Getting Manifest... ms-python.python
2024-12-27 10:17:22.759 [info] Getting Manifest... ms-python.python
2024-12-27 10:17:22.888 [info] Waiting for already requested installing extension ms-python.python ms-python.vscode-pylance
2024-12-27 10:17:22.917 [info] Waiting for already requested installing extension ms-python.python ms-python.debugpy
2024-12-27 10:17:23.046 [error] [/home/rbedit7/.vscode/extensions/ms-python.vscode-pylance-2024.12.1]: Extension is not compatible with Code 1.89.1. Extension requires: ^1.91.0.
2024-12-27 10:17:23.048 [error] [/home/rbedit7/.vscode/extensions/ms-python.debugpy-2024.14.0-linux-x64]: Extension is not compatible with Code 1.89.1. Extension requires: ^1.92.0.
2024-12-27 10:17:23.143 [error] [uncaught exception in sharedProcess]: Error: ENOENT: no such file or directory, stat '/home/rbedit7/.vscode/extensions/extensions.json.vsctmp': EntryNotFound (FileSystemError): Error: ENOENT: no such file or directory, stat '/home/rbedit7/.vscode/extensions/extensions.json.vsctmp'
    at a.create (/usr/share/code/resources/app/out/vs/code/node/sharedProcess/sharedProcessMain.js:53:30019)
    at b (/usr/share/code/resources/app/out/vs/code/node/sharedProcess/sharedProcessMain.js:53:30130)
    at t.hb (/usr/share/code/resources/app/out/vs/code/node/sharedProcess/sharedProcessMain.js:58:36600)
    at t.stat (/usr/share/code/resources/app/out/vs/code/node/sharedProcess/sharedProcessMain.js:58:29040)
    at async $.stat (/usr/share/code/resources/app/out/vs/code/node/sharedProcess/sharedProcessMain.js:58:16186)
    at async J.sb (/usr/share/code/resources/app/out/vs/code/node/sharedProcess/sharedProcessMain.js:104:109501)
2024-12-27 10:17:24.605 [info] Extension signature verification result for ms-python.python: Success. Duration: 1296ms.
2024-12-27 10:17:25.812 [info] Extracted extension to file:///home/rbedit7/.vscode/extensions/ms-python.python-2024.22.1-linux-x64: ms-python.python
2024-12-27 10:17:25.824 [info] Renamed to /home/rbedit7/.vscode/extensions/ms-python.python-2024.22.1-linux-x64
2024-12-27 10:17:25.829 [error] [/home/rbedit7/.vscode/extensions/ms-python.python-2024.22.1-linux-x64]: Extension is not compatible with Code 1.89.1. Extension requires: ^1.94.0-20240918.
2024-12-27 10:17:25.830 [info] Extracting extension completed. ms-python.python
2024-12-27 10:17:25.845 [info] Extension installed successfully: ms-python.python
2024-12-27 10:17:25.845 [info] Finished waiting for already requested installing extension ms-python.python ms-python.vscode-pylance
2024-12-27 10:17:25.845 [info] Finished waiting for already requested installing extension ms-python.python ms-python.debugpy
2024-12-27 10:17:25.846 [info] Extension installed successfully: ms-python.vscode-pylance
2024-12-27 10:17:25.846 [info] Extension installed successfully: ms-python.debugpy
2024-12-27 10:17:25.919 [error] [uncaught exception in sharedProcess]: Error: ENOENT: no such file or directory, stat '/home/rbedit7/.vscode/extensions/extensions.json.vsctmp': EntryNotFound (FileSystemError): Error: ENOENT: no such file or directory, stat '/home/rbedit7/.vscode/extensions/extensions.json.vsctmp'
    at a.create (/usr/share/code/resources/app/out/vs/code/node/sharedProcess/sharedProcessMain.js:53:30019)
    at b (/usr/share/code/resources/app/out/vs/code/node/sharedProcess/sharedProcessMain.js:53:30130)
    at t.hb (/usr/share/code/resources/app/out/vs/code/node/sharedProcess/sharedProcessMain.js:58:36600)
    at t.stat (/usr/share/code/resources/app/out/vs/code/node/sharedProcess/sharedProcessMain.js:58:29040)
    at async $.stat (/usr/share/code/resources/app/out/vs/code/node/sharedProcess/sharedProcessMain.js:58:16186)
    at async J.sb (/usr/share/code/resources/app/out/vs/code/node/sharedProcess/sharedProcessMain.js:104:109501)
