2024-12-20 23:13:51.683 [error] [/home/rbedit7/.vscode/extensions/ms-python.debugpy-2024.14.0-linux-x64]: Extension is not compatible with Code 1.89.1. Extension requires: ^1.92.0.
2024-12-20 23:13:51.688 [error] [/home/rbedit7/.vscode/extensions/ms-python.python-2024.22.0-linux-x64]: Extension is not compatible with Code 1.89.1. Extension requires: ^1.94.0-20240918.
2024-12-20 23:13:51.690 [error] [/home/rbedit7/.vscode/extensions/ms-python.vscode-pylance-2024.12.1]: Extension is not compatible with Code 1.89.1. Extension requires: ^1.91.0.
2024-12-20 23:13:51.744 [error] [/home/rbedit7/.vscode/extensions/ms-python.python-2024.22.0-linux-x64]: Extension is not compatible with Code 1.89.1. Extension requires: ^1.94.0-20240918.
2024-12-20 23:13:51.745 [error] [/home/rbedit7/.vscode/extensions/ms-python.debugpy-2024.14.0-linux-x64]: Extension is not compatible with Code 1.89.1. Extension requires: ^1.92.0.
2024-12-20 23:13:51.754 [error] [/home/rbedit7/.vscode/extensions/ms-python.vscode-pylance-2024.12.1]: Extension is not compatible with Code 1.89.1. Extension requires: ^1.91.0.
2024-12-20 23:13:51.869 [error] [/home/rbedit7/.vscode/extensions/ms-python.debugpy-2024.14.0-linux-x64]: Extension is not compatible with Code 1.89.1. Extension requires: ^1.92.0.
2024-12-20 23:13:51.873 [error] [/home/rbedit7/.vscode/extensions/ms-python.python-2024.22.0-linux-x64]: Extension is not compatible with Code 1.89.1. Extension requires: ^1.94.0-20240918.
2024-12-20 23:13:51.875 [error] [/home/rbedit7/.vscode/extensions/ms-python.vscode-pylance-2024.12.1]: Extension is not compatible with Code 1.89.1. Extension requires: ^1.91.0.
2024-12-20 23:13:51.894 [error] [/home/rbedit7/.vscode/extensions/ms-python.debugpy-2024.14.0-linux-x64]: Extension is not compatible with Code 1.89.1. Extension requires: ^1.92.0.
2024-12-20 23:13:51.896 [error] [/home/rbedit7/.vscode/extensions/ms-python.python-2024.22.0-linux-x64]: Extension is not compatible with Code 1.89.1. Extension requires: ^1.94.0-20240918.
2024-12-20 23:13:51.899 [error] [/home/rbedit7/.vscode/extensions/ms-python.vscode-pylance-2024.12.1]: Extension is not compatible with Code 1.89.1. Extension requires: ^1.91.0.
2024-12-20 23:13:51.939 [error] [/home/rbedit7/.vscode/extensions/ms-python.python-2024.22.0-linux-x64]: Extension is not compatible with Code 1.89.1. Extension requires: ^1.94.0-20240918.
2024-12-20 23:13:51.939 [error] [/home/rbedit7/.vscode/extensions/ms-python.debugpy-2024.14.0-linux-x64]: Extension is not compatible with Code 1.89.1. Extension requires: ^1.92.0.
2024-12-20 23:13:51.944 [error] [/home/rbedit7/.vscode/extensions/ms-python.vscode-pylance-2024.12.1]: Extension is not compatible with Code 1.89.1. Extension requires: ^1.91.0.
2024-12-20 23:13:52.001 [error] [/home/rbedit7/.vscode/extensions/ms-python.debugpy-2024.14.0-linux-x64]: Extension is not compatible with Code 1.89.1. Extension requires: ^1.92.0.
2024-12-20 23:13:52.002 [error] [/home/rbedit7/.vscode/extensions/ms-python.vscode-pylance-2024.12.1]: Extension is not compatible with Code 1.89.1. Extension requires: ^1.91.0.
2024-12-20 23:13:52.003 [error] [/home/rbedit7/.vscode/extensions/ms-python.python-2024.22.0-linux-x64]: Extension is not compatible with Code 1.89.1. Extension requires: ^1.94.0-20240918.
2024-12-20 23:13:52.050 [error] [/home/rbedit7/.vscode/extensions/ms-python.debugpy-2024.14.0-linux-x64]: Extension is not compatible with Code 1.89.1. Extension requires: ^1.92.0.
2024-12-20 23:13:52.051 [error] [/home/rbedit7/.vscode/extensions/ms-python.python-2024.22.0-linux-x64]: Extension is not compatible with Code 1.89.1. Extension requires: ^1.94.0-20240918.
2024-12-20 23:13:52.053 [error] [/home/rbedit7/.vscode/extensions/ms-python.vscode-pylance-2024.12.1]: Extension is not compatible with Code 1.89.1. Extension requires: ^1.91.0.
2024-12-20 23:13:52.100 [error] [/home/rbedit7/.vscode/extensions/ms-python.debugpy-2024.14.0-linux-x64]: Extension is not compatible with Code 1.89.1. Extension requires: ^1.92.0.
2024-12-20 23:13:52.101 [error] [/home/rbedit7/.vscode/extensions/ms-python.python-2024.22.0-linux-x64]: Extension is not compatible with Code 1.89.1. Extension requires: ^1.94.0-20240918.
2024-12-20 23:13:52.102 [error] [/home/rbedit7/.vscode/extensions/ms-python.vscode-pylance-2024.12.1]: Extension is not compatible with Code 1.89.1. Extension requires: ^1.91.0.
2024-12-20 23:13:52.359 [error] [/home/rbedit7/.vscode/extensions/ms-python.debugpy-2024.14.0-linux-x64]: Extension is not compatible with Code 1.89.1. Extension requires: ^1.92.0.
2024-12-20 23:13:52.362 [error] [/home/rbedit7/.vscode/extensions/ms-python.python-2024.22.0-linux-x64]: Extension is not compatible with Code 1.89.1. Extension requires: ^1.94.0-20240918.
2024-12-20 23:13:52.363 [error] [/home/rbedit7/.vscode/extensions/ms-python.vscode-pylance-2024.12.1]: Extension is not compatible with Code 1.89.1. Extension requires: ^1.91.0.
2024-12-20 23:13:52.392 [error] [/home/rbedit7/.vscode/extensions/ms-python.debugpy-2024.14.0-linux-x64]: Extension is not compatible with Code 1.89.1. Extension requires: ^1.92.0.
2024-12-20 23:13:52.393 [error] [/home/rbedit7/.vscode/extensions/ms-python.python-2024.22.0-linux-x64]: Extension is not compatible with Code 1.89.1. Extension requires: ^1.94.0-20240918.
2024-12-20 23:13:52.395 [error] [/home/rbedit7/.vscode/extensions/ms-python.vscode-pylance-2024.12.1]: Extension is not compatible with Code 1.89.1. Extension requires: ^1.91.0.
2024-12-20 23:13:52.436 [error] [/home/rbedit7/.vscode/extensions/ms-python.debugpy-2024.14.0-linux-x64]: Extension is not compatible with Code 1.89.1. Extension requires: ^1.92.0.
2024-12-20 23:13:52.437 [error] [/home/rbedit7/.vscode/extensions/ms-python.python-2024.22.0-linux-x64]: Extension is not compatible with Code 1.89.1. Extension requires: ^1.94.0-20240918.
2024-12-20 23:13:52.439 [error] [/home/rbedit7/.vscode/extensions/ms-python.vscode-pylance-2024.12.1]: Extension is not compatible with Code 1.89.1. Extension requires: ^1.91.0.
2024-12-20 23:13:52.693 [error] [/home/rbedit7/.vscode/extensions/ms-python.debugpy-2024.14.0-linux-x64]: Extension is not compatible with Code 1.89.1. Extension requires: ^1.92.0.
2024-12-20 23:13:52.694 [error] [/home/rbedit7/.vscode/extensions/ms-python.vscode-pylance-2024.12.1]: Extension is not compatible with Code 1.89.1. Extension requires: ^1.91.0.
2024-12-20 23:13:52.695 [error] [/home/rbedit7/.vscode/extensions/ms-python.python-2024.22.0-linux-x64]: Extension is not compatible with Code 1.89.1. Extension requires: ^1.94.0-20240918.
2024-12-20 23:13:52.779 [error] [/home/rbedit7/.vscode/extensions/ms-python.debugpy-2024.14.0-linux-x64]: Extension is not compatible with Code 1.89.1. Extension requires: ^1.92.0.
2024-12-20 23:13:52.781 [error] [/home/rbedit7/.vscode/extensions/ms-python.vscode-pylance-2024.12.1]: Extension is not compatible with Code 1.89.1. Extension requires: ^1.91.0.
2024-12-20 23:13:52.781 [error] [/home/rbedit7/.vscode/extensions/ms-python.python-2024.22.0-linux-x64]: Extension is not compatible with Code 1.89.1. Extension requires: ^1.94.0-20240918.
2024-12-20 23:13:52.853 [error] [/home/rbedit7/.vscode/extensions/ms-python.debugpy-2024.14.0-linux-x64]: Extension is not compatible with Code 1.89.1. Extension requires: ^1.92.0.
2024-12-20 23:13:52.856 [error] [/home/rbedit7/.vscode/extensions/ms-python.python-2024.22.0-linux-x64]: Extension is not compatible with Code 1.89.1. Extension requires: ^1.94.0-20240918.
2024-12-20 23:13:52.858 [error] [/home/rbedit7/.vscode/extensions/ms-python.vscode-pylance-2024.12.1]: Extension is not compatible with Code 1.89.1. Extension requires: ^1.91.0.
2024-12-20 23:13:52.955 [error] [/home/rbedit7/.vscode/extensions/ms-python.debugpy-2024.14.0-linux-x64]: Extension is not compatible with Code 1.89.1. Extension requires: ^1.92.0.
2024-12-20 23:13:52.956 [error] [/home/rbedit7/.vscode/extensions/ms-python.python-2024.22.0-linux-x64]: Extension is not compatible with Code 1.89.1. Extension requires: ^1.94.0-20240918.
2024-12-20 23:13:52.957 [error] [/home/rbedit7/.vscode/extensions/ms-python.vscode-pylance-2024.12.1]: Extension is not compatible with Code 1.89.1. Extension requires: ^1.91.0.
2024-12-20 23:13:53.627 [error] [/home/rbedit7/.vscode/extensions/ms-python.debugpy-2024.14.0-linux-x64]: Extension is not compatible with Code 1.89.1. Extension requires: ^1.92.0.
2024-12-20 23:13:53.627 [error] [/home/rbedit7/.vscode/extensions/ms-python.vscode-pylance-2024.12.1]: Extension is not compatible with Code 1.89.1. Extension requires: ^1.91.0.
2024-12-20 23:13:53.628 [error] [/home/rbedit7/.vscode/extensions/ms-python.python-2024.22.0-linux-x64]: Extension is not compatible with Code 1.89.1. Extension requires: ^1.94.0-20240918.
2024-12-20 23:13:53.697 [error] [/home/rbedit7/.vscode/extensions/ms-python.debugpy-2024.14.0-linux-x64]: Extension is not compatible with Code 1.89.1. Extension requires: ^1.92.0.
2024-12-20 23:13:53.699 [error] [/home/rbedit7/.vscode/extensions/ms-python.python-2024.22.0-linux-x64]: Extension is not compatible with Code 1.89.1. Extension requires: ^1.94.0-20240918.
2024-12-20 23:13:53.699 [error] [/home/rbedit7/.vscode/extensions/ms-python.vscode-pylance-2024.12.1]: Extension is not compatible with Code 1.89.1. Extension requires: ^1.91.0.
2024-12-20 23:13:53.706 [error] [/home/rbedit7/.vscode/extensions/ms-python.debugpy-2024.14.0-linux-x64]: Extension is not compatible with Code 1.89.1. Extension requires: ^1.92.0.
2024-12-20 23:13:53.708 [error] [/home/rbedit7/.vscode/extensions/ms-python.python-2024.22.0-linux-x64]: Extension is not compatible with Code 1.89.1. Extension requires: ^1.94.0-20240918.
2024-12-20 23:13:53.708 [error] [/home/rbedit7/.vscode/extensions/ms-python.vscode-pylance-2024.12.1]: Extension is not compatible with Code 1.89.1. Extension requires: ^1.91.0.
2024-12-20 23:13:54.339 [error] [/home/rbedit7/.vscode/extensions/ms-python.python-2024.22.0-linux-x64]: Extension is not compatible with Code 1.89.1. Extension requires: ^1.94.0-20240918.
2024-12-20 23:13:54.340 [error] [/home/rbedit7/.vscode/extensions/ms-python.vscode-pylance-2024.12.1]: Extension is not compatible with Code 1.89.1. Extension requires: ^1.91.0.
2024-12-20 23:13:54.340 [error] [/home/rbedit7/.vscode/extensions/ms-python.debugpy-2024.14.0-linux-x64]: Extension is not compatible with Code 1.89.1. Extension requires: ^1.92.0.
2024-12-20 23:14:21.753 [info] Getting Manifest... ms-python.debugpy
2024-12-20 23:14:21.756 [info] Getting Manifest... ms-python.python
2024-12-20 23:14:21.758 [info] Getting Manifest... ms-python.vscode-pylance
2024-12-20 23:14:21.778 [info] Installing extension: ms-python.debugpy
2024-12-20 23:14:21.778 [info] Installing extension: ms-python.python
2024-12-20 23:14:21.781 [info] Installing extension: ms-python.vscode-pylance
2024-12-20 23:14:22.209 [error] [/home/rbedit7/.vscode/extensions/ms-python.python-2024.22.0-linux-x64]: Extension is not compatible with Code 1.89.1. Extension requires: ^1.94.0-20240918.
2024-12-20 23:14:22.229 [info] Extension installed successfully: ms-python.python
2024-12-20 23:14:22.304 [error] [uncaught exception in sharedProcess]: Error: ENOENT: no such file or directory, stat '/home/rbedit7/.vscode/extensions/extensions.json.vsctmp': EntryNotFound (FileSystemError): Error: ENOENT: no such file or directory, stat '/home/rbedit7/.vscode/extensions/extensions.json.vsctmp'
    at a.create (/usr/share/code/resources/app/out/vs/code/node/sharedProcess/sharedProcessMain.js:53:30019)
    at b (/usr/share/code/resources/app/out/vs/code/node/sharedProcess/sharedProcessMain.js:53:30130)
    at t.hb (/usr/share/code/resources/app/out/vs/code/node/sharedProcess/sharedProcessMain.js:58:36600)
    at t.stat (/usr/share/code/resources/app/out/vs/code/node/sharedProcess/sharedProcessMain.js:58:29040)
    at async $.stat (/usr/share/code/resources/app/out/vs/code/node/sharedProcess/sharedProcessMain.js:58:16186)
    at async J.sb (/usr/share/code/resources/app/out/vs/code/node/sharedProcess/sharedProcessMain.js:104:109501)
2024-12-20 23:14:22.517 [info] Getting Manifest... ms-python.python
2024-12-20 23:14:22.580 [info] Getting Manifest... ms-python.python
2024-12-20 23:14:22.942 [error] [/home/rbedit7/.vscode/extensions/ms-python.debugpy-2024.14.0-linux-x64]: Extension is not compatible with Code 1.89.1. Extension requires: ^1.92.0.
2024-12-20 23:14:22.943 [error] [/home/rbedit7/.vscode/extensions/ms-python.vscode-pylance-2024.12.1]: Extension is not compatible with Code 1.89.1. Extension requires: ^1.91.0.
2024-12-20 23:14:22.962 [info] Extension installed successfully: ms-python.debugpy
2024-12-20 23:14:22.977 [info] Extension installed successfully: ms-python.vscode-pylance
2024-12-20 23:14:23.033 [error] [uncaught exception in sharedProcess]: Error: ENOENT: no such file or directory, stat '/home/rbedit7/.vscode/extensions/extensions.json.vsctmp': EntryNotFound (FileSystemError): Error: ENOENT: no such file or directory, stat '/home/rbedit7/.vscode/extensions/extensions.json.vsctmp'
    at a.create (/usr/share/code/resources/app/out/vs/code/node/sharedProcess/sharedProcessMain.js:53:30019)
    at b (/usr/share/code/resources/app/out/vs/code/node/sharedProcess/sharedProcessMain.js:53:30130)
    at t.hb (/usr/share/code/resources/app/out/vs/code/node/sharedProcess/sharedProcessMain.js:58:36600)
    at t.stat (/usr/share/code/resources/app/out/vs/code/node/sharedProcess/sharedProcessMain.js:58:29040)
    at async $.stat (/usr/share/code/resources/app/out/vs/code/node/sharedProcess/sharedProcessMain.js:58:16186)
    at async J.sb (/usr/share/code/resources/app/out/vs/code/node/sharedProcess/sharedProcessMain.js:104:109501)
